# JRE version: OpenJDK Runtime Environment (8.0_242-b01) (build 1.8.0_242-release-1644-b01)
# Java VM: OpenJDK 64-Bit Server VM (25.242-b01 mixed mode windows-amd64 compressed oops)
Heap:
 PSYoungGen      total 307200K, used 91103K [0x00000000d5580000, 0x00000000ebe80000, 0x0000000100000000)
  eden space 244736K, 17% used [0x00000000d5580000,0x00000000d7f66d38,0x00000000e4480000)
  from space 62464K, 77% used [0x00000000e8180000,0x00000000eb091260,0x00000000ebe80000)
  to   space 36864K, 0% used [0x00000000e4c80000,0x00000000e4c80000,0x00000000e7080000)
 ParOldGen       total 220160K, used 69611K [0x0000000080000000, 0x000000008d700000, 0x00000000d5580000)
  object space 220160K, 31% used [0x0000000080000000,0x00000000843faf38,0x000000008d700000)
 Metaspace       used 105949K, capacity 112072K, committed 115160K, reserved 1148928K
  class space    used 13826K, capacity 15006K, committed 16128K, reserved 1048576K
GC Heap History (10 events):
Event: 1578.802 GC heap before
{Heap before GC invocations=26 (full 4):
 PSYoungGen      total 302592K, used 269741K [0x00000000d5580000, 0x00000000ec480000, 0x0000000100000000)
  eden space 251904K, 100% used [0x00000000d5580000,0x00000000e4b80000,0x00000000e4b80000)
  from space 50688K, 35% used [0x00000000e4b80000,0x00000000e5ceb490,0x00000000e7d00000)
  to   space 47616K, 0% used [0x00000000e9600000,0x00000000e9600000,0x00000000ec480000)
 ParOldGen       total 220160K, used 61154K [0x0000000080000000, 0x000000008d700000, 0x00000000d5580000)
  object space 220160K, 27% used [0x0000000080000000,0x0000000083bb8a50,0x000000008d700000)
 Metaspace       used 93605K, capacity 98470K, committed 103640K, reserved 1138688K
  class space    used 12207K, capacity 13111K, committed 14592K, reserved 1048576K
Event: 1578.878 GC heap after
Heap after GC invocations=26 (full 4):
 PSYoungGen      total 317440K, used 47597K [0x00000000d5580000, 0x00000000ed880000, 0x0000000100000000)
  eden space 269824K, 0% used [0x00000000d5580000,0x00000000d5580000,0x00000000e5d00000)
  from space 47616K, 99% used [0x00000000e9600000,0x00000000ec47b670,0x00000000ec480000)
  to   space 58368K, 0% used [0x00000000e5d00000,0x00000000e5d00000,0x00000000e9600000)
 ParOldGen       total 220160K, used 69091K [0x0000000080000000, 0x000000008d700000, 0x00000000d5580000)
  object space 220160K, 31% used [0x0000000080000000,0x0000000084378f08,0x000000008d700000)
 Metaspace       used 93605K, capacity 98470K, committed 103640K, reserved 1138688K
  class space    used 12207K, capacity 13111K, committed 14592K, reserved 1048576K
}
Event: 2178.237 GC heap before
{Heap before GC invocations=27 (full 4):
 PSYoungGen      total 317440K, used 317128K [0x00000000d5580000, 0x00000000ed880000, 0x0000000100000000)
  eden space 269824K, 99% used [0x00000000d5580000,0x00000000e5cb69a8,0x00000000e5d00000)
  from space 47616K, 99% used [0x00000000e9600000,0x00000000ec47b670,0x00000000ec480000)
  to   space 58368K, 0% used [0x00000000e5d00000,0x00000000e5d00000,0x00000000e9600000)
 ParOldGen       total 220160K, used 69091K [0x0000000080000000, 0x000000008d700000, 0x00000000d5580000)
  object space 220160K, 31% used [0x0000000080000000,0x0000000084378f08,0x000000008d700000)
 Metaspace       used 93995K, capacity 98910K, committed 103896K, reserved 1138688K
  class space    used 12215K, capacity 13125K, committed 14592K, reserved 1048576K
Event: 2178.301 GC heap after
Heap after GC invocations=27 (full 4):
 PSYoungGen      total 311808K, used 50407K [0x00000000d5580000, 0x00000000ed380000, 0x0000000100000000)
  eden space 261120K, 0% used [0x00000000d5580000,0x00000000d5580000,0x00000000e5480000)
  from space 50688K, 99% used [0x00000000e5d00000,0x00000000e8e39db8,0x00000000e8e80000)
  to   space 65024K, 0% used [0x00000000e9400000,0x00000000e9400000,0x00000000ed380000)
 ParOldGen       total 220160K, used 69587K [0x0000000080000000, 0x000000008d700000, 0x00000000d5580000)
  object space 220160K, 31% used [0x0000000080000000,0x00000000843f4f38,0x000000008d700000)
 Metaspace       used 93995K, capacity 98910K, committed 103896K, reserved 1138688K
  class space    used 12215K, capacity 13125K, committed 14592K, reserved 1048576K
}
Event: 2372.063 GC heap before
{Heap before GC invocations=28 (full 4):
 PSYoungGen      total 311808K, used 311527K [0x00000000d5580000, 0x00000000ed380000, 0x0000000100000000)
  eden space 261120K, 100% used [0x00000000d5580000,0x00000000e5480000,0x00000000e5480000)
  from space 50688K, 99% used [0x00000000e5d00000,0x00000000e8e39db8,0x00000000e8e80000)
  to   space 65024K, 0% used [0x00000000e9400000,0x00000000e9400000,0x00000000ed380000)
 ParOldGen       total 220160K, used 69587K [0x0000000080000000, 0x000000008d700000, 0x00000000d5580000)
  object space 220160K, 31% used [0x0000000080000000,0x00000000843f4f38,0x000000008d700000)
 Metaspace       used 95640K, capacity 100886K, committed 105432K, reserved 1140736K
  class space    used 12462K, capacity 13438K, committed 14848K, reserved 1048576K
Event: 2372.131 GC heap after
Heap after GC invocations=28 (full 4):
 PSYoungGen      total 304640K, used 27832K [0x00000000d5580000, 0x00000000ec680000, 0x0000000100000000)
  eden space 252928K, 0% used [0x00000000d5580000,0x00000000d5580000,0x00000000e4c80000)
  from space 51712K, 53% used [0x00000000e9400000,0x00000000eaf2e288,0x00000000ec680000)
  to   space 62464K, 0% used [0x00000000e4c80000,0x00000000e4c80000,0x00000000e8980000)
 ParOldGen       total 220160K, used 69595K [0x0000000080000000, 0x000000008d700000, 0x00000000d5580000)
  object space 220160K, 31% used [0x0000000080000000,0x00000000843f6f38,0x000000008d700000)
 Metaspace       used 95640K, capacity 100886K, committed 105432K, reserved 1140736K
  class space    used 12462K, capacity 13438K, committed 14848K, reserved 1048576K
}
Event: 2826.170 GC heap before
{Heap before GC invocations=29 (full 4):
 PSYoungGen      total 304640K, used 280760K [0x00000000d5580000, 0x00000000ec680000, 0x0000000100000000)
  eden space 252928K, 100% used [0x00000000d5580000,0x00000000e4c80000,0x00000000e4c80000)
  from space 51712K, 53% used [0x00000000e9400000,0x00000000eaf2e288,0x00000000ec680000)
  to   space 62464K, 0% used [0x00000000e4c80000,0x00000000e4c80000,0x00000000e8980000)
 ParOldGen       total 220160K, used 69595K [0x0000000080000000, 0x000000008d700000, 0x00000000d5580000)
  object space 220160K, 31% used [0x0000000080000000,0x00000000843f6f38,0x000000008d700000)
 Metaspace       used 104692K, capacity 110608K, committed 113880K, reserved 1146880K
  class space    used 13716K, capacity 14892K, committed 16128K, reserved 1048576K
Event: 2826.204 GC heap after
Heap after GC invocations=29 (full 4):
 PSYoungGen      total 281600K, used 36530K [0x00000000d5580000, 0x00000000ebe80000, 0x0000000100000000)
  eden space 244736K, 0% used [0x00000000d5580000,0x00000000d5580000,0x00000000e4480000)
  from space 36864K, 99% used [0x00000000e4c80000,0x00000000e702c810,0x00000000e7080000)
  to   space 62464K, 0% used [0x00000000e8180000,0x00000000e8180000,0x00000000ebe80000)
 ParOldGen       total 220160K, used 69603K [0x0000000080000000, 0x000000008d700000, 0x00000000d5580000)
  object space 220160K, 31% used [0x0000000080000000,0x00000000843f8f38,0x000000008d700000)
 Metaspace       used 104692K, capacity 110608K, committed 113880K, reserved 1146880K
  class space    used 13716K, capacity 14892K, committed 16128K, reserved 1048576K
}
Event: 2838.762 GC heap before
{Heap before GC invocations=30 (full 4):
 PSYoungGen      total 281600K, used 281266K [0x00000000d5580000, 0x00000000ebe80000, 0x0000000100000000)
  eden space 244736K, 100% used [0x00000000d5580000,0x00000000e4480000,0x00000000e4480000)
  from space 36864K, 99% used [0x00000000e4c80000,0x00000000e702c810,0x00000000e7080000)
  to   space 62464K, 0% used [0x00000000e8180000,0x00000000e8180000,0x00000000ebe80000)
 ParOldGen       total 220160K, used 69603K [0x0000000080000000, 0x000000008d700000, 0x00000000d5580000)
  object space 220160K, 31% used [0x0000000080000000,0x00000000843f8f38,0x000000008d700000)
 Metaspace       used 105744K, capacity 111852K, committed 114904K, reserved 1148928K
  class space    used 13826K, capacity 15006K, committed 16128K, reserved 1048576K
Event: 2839.228 GC heap after
Heap after GC invocations=30 (full 4):
 PSYoungGen      total 307200K, used 48196K [0x00000000d5580000, 0x00000000ebe80000, 0x0000000100000000)
  eden space 244736K, 0% used [0x00000000d5580000,0x00000000d5580000,0x00000000e4480000)
  from space 62464K, 77% used [0x00000000e8180000,0x00000000eb091260,0x00000000ebe80000)
  to   space 36864K, 0% used [0x00000000e4c80000,0x00000000e4c80000,0x00000000e7080000)
 ParOldGen       total 220160K, used 69611K [0x0000000080000000, 0x000000008d700000, 0x00000000d5580000)
  object space 220160K, 31% used [0x0000000080000000,0x00000000843faf38,0x000000008d700000)
 Metaspace       used 105744K, capacity 111852K, committed 114904K, reserved 1148928K
  class space    used 13826K, capacity 15006K, committed 16128K, reserved 1048576K
}

